\BOOKMARK [1][-]{section.1}{\376\377\000I\000n\000t\000r\000o\000d\000u\000c\000t\000i\000o\000n}{}% 1
\BOOKMARK [2][-]{subsection.1.1}{\376\377\000P\000u\000r\000p\000o\000s\000e}{section.1}% 2
\BOOKMARK [2][-]{subsection.1.2}{\376\377\000S\000c\000o\000p\000e}{section.1}% 3
\BOOKMARK [3][-]{subsubsection.1.2.1}{\376\377\000S\000o\000f\000t\000w\000a\000r\000e\000\040\000P\000r\000o\000d\000u\000c\000t\000s}{subsection.1.2}% 4
\BOOKMARK [3][-]{subsubsection.1.2.2}{\376\377\000A\000p\000p\000l\000i\000c\000a\000t\000i\000o\000n\000s}{subsection.1.2}% 5
\BOOKMARK [2][-]{subsection.1.3}{\376\377\000D\000e\000f\000i\000n\000i\000t\000i\000o\000n\000s\000,\000\040\000A\000c\000r\000o\000n\000y\000m\000s\000,\000\040\000a\000n\000d\000\040\000A\000b\000b\000r\000e\000v\000i\000a\000t\000i\000o\000n\000s}{section.1}% 6
\BOOKMARK [2][-]{subsection.1.4}{\376\377\000R\000e\000f\000e\000r\000e\000n\000c\000e\000s}{section.1}% 7
\BOOKMARK [2][-]{subsection.1.5}{\376\377\000O\000v\000e\000r\000v\000i\000e\000w}{section.1}% 8
\BOOKMARK [1][-]{section.2}{\376\377\000O\000v\000e\000r\000a\000l\000l\000\040\000P\000r\000o\000d\000u\000c\000t\000\040\000D\000e\000s\000c\000r\000i\000p\000t\000i\000o\000n}{}% 9
\BOOKMARK [2][-]{subsection.2.1}{\376\377\000P\000r\000o\000d\000u\000c\000t\000\040\000P\000e\000r\000s\000p\000e\000c\000t\000i\000v\000e}{section.2}% 10
\BOOKMARK [2][-]{subsection.2.2}{\376\377\000P\000r\000o\000d\000u\000c\000t\000\040\000F\000u\000n\000c\000t\000i\000o\000n\000s}{section.2}% 11
\BOOKMARK [2][-]{subsection.2.3}{\376\377\000U\000s\000e\000r\000\040\000C\000h\000a\000r\000a\000c\000t\000e\000r\000i\000s\000t\000i\000c\000s}{section.2}% 12
\BOOKMARK [3][-]{subsubsection.2.3.1}{\376\377\000H\000u\000n\000t\000e\000r\000s}{subsection.2.3}% 13
\BOOKMARK [3][-]{subsubsection.2.3.2}{\376\377\000N\000a\000t\000u\000r\000e\000\040\000E\000n\000t\000h\000u\000s\000i\000a\000s\000t\000s}{subsection.2.3}% 14
\BOOKMARK [2][-]{subsection.2.4}{\376\377\000C\000o\000n\000s\000t\000r\000a\000i\000n\000t\000s}{section.2}% 15
\BOOKMARK [2][-]{subsection.2.5}{\376\377\000A\000s\000s\000u\000m\000p\000t\000i\000o\000n\000s\000\040\000a\000n\000d\000\040\000D\000e\000p\000e\000n\000d\000e\000n\000c\000i\000e\000s}{section.2}% 16
\BOOKMARK [2][-]{subsection.2.6}{\376\377\000A\000p\000p\000o\000r\000t\000i\000o\000n\000i\000n\000g\000\040\000o\000f\000\040\000R\000e\000q\000u\000i\000r\000e\000m\000e\000n\000t\000s}{section.2}% 17
\BOOKMARK [1][-]{section.3}{\376\377\000U\000s\000e\000\040\000C\000a\000s\000e\000\040\000D\000i\000a\000g\000r\000a\000m}{}% 18
\BOOKMARK [1][-]{section.4}{\376\377\000H\000i\000g\000h\000l\000i\000g\000h\000t\000s\000\040\000o\000f\000\040\000F\000u\000n\000c\000t\000i\000o\000n\000a\000l\000\040\000R\000e\000q\000u\000i\000r\000e\000m\000e\000n\000t\000s}{}% 19
\BOOKMARK [1][-]{section.5}{\376\377\000N\000o\000n\000-\000F\000u\000n\000c\000t\000i\000o\000n\000a\000l\000\040\000R\000e\000q\000u\000i\000r\000e\000m\000e\000n\000t\000s}{}% 20
\BOOKMARK [2][-]{subsection.5.1}{\376\377\000L\000o\000o\000k\000\040\000a\000n\000d\000\040\000F\000e\000e\000l\000\040\000R\000e\000q\000u\000i\000r\000e\000m\000e\000n\000t\000s}{section.5}% 21
\BOOKMARK [3][-]{subsubsection.5.1.1}{\376\377\000A\000p\000p\000e\000a\000r\000a\000n\000c\000e\000\040\000R\000e\000q\000u\000i\000r\000e\000m\000e\000n\000t\000s}{subsection.5.1}% 22
\BOOKMARK [3][-]{subsubsection.5.1.2}{\376\377\000S\000t\000y\000l\000e\000\040\000R\000e\000q\000u\000i\000r\000e\000m\000e\000n\000t\000s}{subsection.5.1}% 23
\BOOKMARK [2][-]{subsection.5.2}{\376\377\000U\000s\000a\000b\000i\000l\000i\000t\000y\000\040\000a\000n\000d\000\040\000H\000u\000m\000a\000n\000i\000t\000y\000\040\000R\000e\000q\000u\000i\000r\000e\000m\000e\000n\000t\000s}{section.5}% 24
\BOOKMARK [3][-]{subsubsection.5.2.1}{\376\377\000E\000a\000s\000e\000\040\000o\000f\000\040\000U\000s\000e\000\040\000R\000e\000q\000u\000i\000r\000e\000m\000e\000n\000t\000s}{subsection.5.2}% 25
\BOOKMARK [3][-]{subsubsection.5.2.2}{\376\377\000P\000e\000r\000s\000o\000n\000a\000l\000i\000z\000a\000t\000i\000o\000n\000\040\000a\000n\000d\000\040\000I\000n\000t\000e\000r\000n\000a\000t\000i\000o\000n\000a\000l\000i\000z\000a\000t\000i\000o\000n\000\040\000R\000e\000q\000u\000i\000r\000e\000m\000e\000n\000t\000s}{subsection.5.2}% 26
\BOOKMARK [3][-]{subsubsection.5.2.3}{\376\377\000L\000e\000a\000r\000n\000i\000n\000g\000\040\000R\000e\000q\000u\000i\000r\000e\000m\000e\000n\000t\000s}{subsection.5.2}% 27
\BOOKMARK [3][-]{subsubsection.5.2.4}{\376\377\000U\000n\000d\000e\000r\000s\000t\000a\000n\000d\000a\000b\000i\000l\000i\000t\000y\000\040\000a\000n\000d\000\040\000P\000o\000l\000i\000t\000e\000n\000e\000s\000s\000\040\000R\000e\000q\000u\000i\000r\000e\000m\000e\000n\000t\000s}{subsection.5.2}% 28
\BOOKMARK [3][-]{subsubsection.5.2.5}{\376\377\000A\000c\000c\000e\000s\000s\000i\000b\000i\000l\000i\000t\000y\000\040\000R\000e\000q\000u\000i\000r\000e\000m\000e\000n\000t\000s}{subsection.5.2}% 29
\BOOKMARK [2][-]{subsection.5.3}{\376\377\000P\000e\000r\000f\000o\000r\000m\000a\000n\000c\000e\000\040\000R\000e\000q\000u\000i\000r\000e\000m\000e\000n\000t\000s}{section.5}% 30
\BOOKMARK [3][-]{subsubsection.5.3.1}{\376\377\000S\000p\000e\000e\000d\000\040\000a\000n\000d\000\040\000L\000a\000t\000e\000n\000c\000y\000\040\000R\000e\000q\000u\000i\000r\000e\000m\000e\000n\000t\000s}{subsection.5.3}% 31
\BOOKMARK [3][-]{subsubsection.5.3.2}{\376\377\000S\000a\000f\000e\000t\000y\000-\000C\000r\000i\000t\000i\000c\000a\000l\000\040\000R\000e\000q\000u\000i\000r\000e\000m\000e\000n\000t\000s}{subsection.5.3}% 32
\BOOKMARK [3][-]{subsubsection.5.3.3}{\376\377\000P\000r\000e\000c\000i\000s\000i\000o\000n\000\040\000o\000r\000\040\000A\000c\000c\000u\000r\000a\000c\000y\000\040\000R\000e\000q\000u\000i\000r\000e\000m\000e\000n\000t\000s}{subsection.5.3}% 33
\BOOKMARK [3][-]{subsubsection.5.3.4}{\376\377\000R\000e\000l\000i\000a\000b\000i\000l\000i\000t\000y\000\040\000a\000n\000d\000\040\000A\000v\000a\000i\000l\000a\000b\000i\000l\000i\000t\000y\000\040\000R\000e\000q\000u\000i\000r\000e\000m\000e\000n\000t\000s}{subsection.5.3}% 34
\BOOKMARK [3][-]{subsubsection.5.3.5}{\376\377\000R\000o\000b\000u\000s\000t\000n\000e\000s\000s\000\040\000o\000r\000\040\000F\000a\000u\000l\000t\000-\000T\000o\000l\000e\000r\000a\000n\000c\000e\000\040\000R\000e\000q\000u\000i\000r\000e\000m\000e\000n\000t\000s}{subsection.5.3}% 35
\BOOKMARK [3][-]{subsubsection.5.3.6}{\376\377\000C\000a\000p\000a\000c\000i\000t\000y\000\040\000R\000e\000q\000u\000i\000r\000e\000m\000e\000n\000t\000s}{subsection.5.3}% 36
\BOOKMARK [3][-]{subsubsection.5.3.7}{\376\377\000S\000c\000a\000l\000a\000b\000i\000l\000i\000t\000y\000\040\000o\000r\000\040\000E\000x\000t\000e\000n\000s\000i\000b\000i\000l\000i\000t\000y\000\040\000R\000e\000q\000u\000i\000r\000e\000m\000e\000n\000t\000s}{subsection.5.3}% 37
\BOOKMARK [3][-]{subsubsection.5.3.8}{\376\377\000L\000o\000n\000g\000e\000v\000i\000t\000y\000\040\000R\000e\000q\000u\000i\000r\000e\000m\000e\000n\000t\000s}{subsection.5.3}% 38
\BOOKMARK [2][-]{subsection.5.4}{\376\377\000O\000p\000e\000r\000a\000t\000i\000o\000n\000a\000l\000\040\000a\000n\000d\000\040\000E\000n\000v\000i\000r\000o\000n\000m\000e\000n\000t\000a\000l\000\040\000R\000e\000q\000u\000i\000r\000e\000m\000e\000n\000t\000s}{section.5}% 39
\BOOKMARK [3][-]{subsubsection.5.4.1}{\376\377\000E\000x\000p\000e\000c\000t\000e\000d\000\040\000P\000h\000y\000s\000i\000c\000a\000l\000\040\000E\000n\000v\000i\000r\000o\000n\000m\000e\000n\000t}{subsection.5.4}% 40
\BOOKMARK [3][-]{subsubsection.5.4.2}{\376\377\000R\000e\000q\000u\000i\000r\000e\000m\000e\000n\000t\000s\000\040\000f\000o\000r\000\040\000I\000n\000t\000e\000r\000f\000a\000c\000i\000n\000g\000\040\000w\000i\000t\000h\000\040\000A\000d\000j\000a\000c\000e\000n\000t\000\040\000S\000y\000s\000t\000e\000m\000s}{subsection.5.4}% 41
\BOOKMARK [3][-]{subsubsection.5.4.3}{\376\377\000P\000r\000o\000d\000u\000c\000t\000i\000z\000a\000t\000i\000o\000n\000\040\000R\000e\000q\000u\000i\000r\000e\000m\000e\000n\000t\000s}{subsection.5.4}% 42
\BOOKMARK [3][-]{subsubsection.5.4.4}{\376\377\000R\000e\000l\000e\000a\000s\000e\000\040\000R\000e\000q\000u\000i\000r\000e\000m\000e\000n\000t\000s}{subsection.5.4}% 43
\BOOKMARK [1][-]{section.6}{\376\377\000I\000n\000n\000o\000v\000a\000t\000i\000v\000e\000\040\000F\000e\000a\000t\000u\000r\000e}{}% 44
\BOOKMARK [1][-]{appendix.A}{\376\377\000D\000i\000v\000i\000s\000i\000o\000n\000\040\000o\000f\000\040\000L\000a\000b\000o\000u\000r}{}% 45
