This is pdfTeX, Version 3.141592653-2.6-1.40.25 (TeX Live 2023/Debian) (preloaded format=pdflatex 2025.2.16)  9 MAR 2025 16:20
entering extended mode
 restricted \write18 enabled.
 file:line:error style messages enabled.
 %&-line parsing enabled.
**/home/braunc8/school/winter2025/3A04/3A04_group6/D1/SE3A04_Group6.tex
(/home/braunc8/school/winter2025/3A04/3A04_group6/D1/SE3A04_Group6.tex
LaTeX2e <2023-11-01> patch level 1
L3 programming layer <2024-01-22>
(/usr/share/texlive/texmf-dist/tex/latex/base/article.cls
Document Class: article 2023/05/17 v1.4n Standard LaTeX document class
(/usr/share/texlive/texmf-dist/tex/latex/base/size10.clo
File: size10.clo 2023/05/17 v1.4n Standard LaTeX file (size option)
)
\c@part=\count187
\c@section=\count188
\c@subsection=\count189
\c@subsubsection=\count190
\c@paragraph=\count191
\c@subparagraph=\count192
\c@figure=\count193
\c@table=\count194
\abovecaptionskip=\skip48
\belowcaptionskip=\skip49
\bibindent=\dimen140
) (/usr/share/texlive/texmf-dist/tex/latex/amsfonts/amssymb.sty
Package: amssymb 2013/01/14 v3.01 AMS font symbols
 (/usr/share/texlive/texmf-dist/tex/latex/amsfonts/amsfonts.sty
Package: amsfonts 2013/01/14 v3.01 Basic AMSFonts support
\@emptytoks=\toks17
\symAMSa=\mathgroup4
\symAMSb=\mathgroup5
LaTeX Font Info:    Redeclaring math symbol \hbar on input line 98.
LaTeX Font Info:    Overwriting math alphabet `\mathfrak' in version `bold'
(Font)                  U/euf/m/n --> U/euf/b/n on input line 106.
)) (/usr/share/texlive/texmf-dist/tex/latex/amsmath/amstext.sty
Package: amstext 2021/08/26 v2.01 AMS text
 (/usr/share/texlive/texmf-dist/tex/latex/amsmath/amsgen.sty
File: amsgen.sty 1999/11/30 v2.0 generic functions
\@emptytoks=\toks18
\ex@=\dimen141
)) (/usr/share/texlive/texmf-dist/tex/latex/amscls/amsthm.sty
Package: amsthm 2020/05/29 v2.20.6
\thm@style=\toks19
\thm@bodyfont=\toks20
\thm@headfont=\toks21
\thm@notefont=\toks22
\thm@headpunct=\toks23
\thm@preskip=\skip50
\thm@postskip=\skip51
\thm@headsep=\skip52
\dth@everypar=\toks24
) (/usr/share/texlive/texmf-dist/tex/latex/amsmath/amsmath.sty
Package: amsmath 2023/05/13 v2.17o AMS math features
\@mathmargin=\skip53

For additional information on amsmath, use the `?' option.
(/usr/share/texlive/texmf-dist/tex/latex/amsmath/amsbsy.sty
Package: amsbsy 1999/11/29 v1.2d Bold Symbols
\pmbraise@=\dimen142
) (/usr/share/texlive/texmf-dist/tex/latex/amsmath/amsopn.sty
Package: amsopn 2022/04/08 v2.04 operator names
)
\inf@bad=\count195
LaTeX Info: Redefining \frac on input line 234.
\uproot@=\count196
\leftroot@=\count197
LaTeX Info: Redefining \overline on input line 399.
LaTeX Info: Redefining \colon on input line 410.
\classnum@=\count198
\DOTSCASE@=\count199
LaTeX Info: Redefining \ldots on input line 496.
LaTeX Info: Redefining \dots on input line 499.
LaTeX Info: Redefining \cdots on input line 620.
\Mathstrutbox@=\box51
\strutbox@=\box52
LaTeX Info: Redefining \big on input line 722.
LaTeX Info: Redefining \Big on input line 723.
LaTeX Info: Redefining \bigg on input line 724.
LaTeX Info: Redefining \Bigg on input line 725.
\big@size=\dimen143
LaTeX Font Info:    Redeclaring font encoding OML on input line 743.
LaTeX Font Info:    Redeclaring font encoding OMS on input line 744.
\macc@depth=\count266
LaTeX Info: Redefining \bmod on input line 905.
LaTeX Info: Redefining \pmod on input line 910.
LaTeX Info: Redefining \smash on input line 940.
LaTeX Info: Redefining \relbar on input line 970.
LaTeX Info: Redefining \Relbar on input line 971.
\c@MaxMatrixCols=\count267
\dotsspace@=\muskip16
\c@parentequation=\count268
\dspbrk@lvl=\count269
\tag@help=\toks25
\row@=\count270
\column@=\count271
\maxfields@=\count272
\andhelp@=\toks26
\eqnshift@=\dimen144
\alignsep@=\dimen145
\tagshift@=\dimen146
\tagwidth@=\dimen147
\totwidth@=\dimen148
\lineht@=\dimen149
\@envbody=\toks27
\multlinegap=\skip54
\multlinetaggap=\skip55
\mathdisplay@stack=\toks28
LaTeX Info: Redefining \[ on input line 2953.
LaTeX Info: Redefining \] on input line 2954.
) (/usr/share/texlive/texmf-dist/tex/latex/float/float.sty
Package: float 2001/11/08 v1.3d Float enhancements (AL)
\c@float@type=\count273
\float@exts=\toks29
\float@box=\box53
\@float@everytoks=\toks30
\@floatcapt=\box54
) (/usr/share/texlive/texmf-dist/tex/latex/tools/enumerate.sty
Package: enumerate 2023/07/04 v3.00 enumerate extensions (DPC)
\@enLab=\toks31
) (/usr/share/texlive/texmf-dist/tex/latex/fancyhdr/fancyhdr.sty
Package: fancyhdr 2022/11/09 v4.1 Extensive control of page headers and footers
\f@nch@headwidth=\skip56
\f@nch@O@elh=\skip57
\f@nch@O@erh=\skip58
\f@nch@O@olh=\skip59
\f@nch@O@orh=\skip60
\f@nch@O@elf=\skip61
\f@nch@O@erf=\skip62
\f@nch@O@olf=\skip63
\f@nch@O@orf=\skip64
) (/usr/share/texlive/texmf-dist/tex/latex/geometry/geometry.sty
Package: geometry 2020/01/02 v5.9 Page Geometry
 (/usr/share/texlive/texmf-dist/tex/latex/graphics/keyval.sty
Package: keyval 2022/05/29 v1.15 key=value parser (DPC)
\KV@toks@=\toks32
) (/usr/share/texlive/texmf-dist/tex/generic/iftex/ifvtex.sty
Package: ifvtex 2019/10/25 v1.7 ifvtex legacy package. Use iftex instead.
 (/usr/share/texlive/texmf-dist/tex/generic/iftex/iftex.sty
Package: iftex 2022/02/03 v1.0f TeX engine tests
))
\Gm@cnth=\count274
\Gm@cntv=\count275
\c@Gm@tempcnt=\count276
\Gm@bindingoffset=\dimen150
\Gm@wd@mp=\dimen151
\Gm@odd@mp=\dimen152
\Gm@even@mp=\dimen153
\Gm@layoutwidth=\dimen154
\Gm@layoutheight=\dimen155
\Gm@layouthoffset=\dimen156
\Gm@layoutvoffset=\dimen157
\Gm@dimlist=\toks33
) (/usr/share/texlive/texmf-dist/tex/latex/graphics/graphicx.sty
Package: graphicx 2021/09/16 v1.2d Enhanced LaTeX Graphics (DPC,SPQR)
 (/usr/share/texlive/texmf-dist/tex/latex/graphics/graphics.sty
Package: graphics 2022/03/10 v1.4e Standard LaTeX Graphics (DPC,SPQR)
 (/usr/share/texlive/texmf-dist/tex/latex/graphics/trig.sty
Package: trig 2021/08/11 v1.11 sin cos tan (DPC)
) (/usr/share/texlive/texmf-dist/tex/latex/graphics-cfg/graphics.cfg
File: graphics.cfg 2016/06/04 v1.11 sample graphics configuration
)
Package graphics Info: Driver file: pdftex.def on input line 107.
 (/usr/share/texlive/texmf-dist/tex/latex/graphics-def/pdftex.def
File: pdftex.def 2022/09/22 v1.2b Graphics/color driver for pdftex
))
\Gin@req@height=\dimen158
\Gin@req@width=\dimen159
) (/usr/share/texlive/texmf-dist/tex/latex/multirow/multirow.sty
Package: multirow 2021/03/15 v2.8 Span multiple rows of a table
\multirow@colwidth=\skip65
\multirow@cntb=\count277
\multirow@dima=\skip66
\bigstrutjot=\dimen160
) (/usr/share/texlive/texmf-dist/tex/latex/caption/caption.sty
Package: caption 2023/08/05 v3.6o Customizing captions (AR)
 (/usr/share/texlive/texmf-dist/tex/latex/caption/caption3.sty
Package: caption3 2023/07/31 v2.4d caption3 kernel (AR)
\caption@tempdima=\dimen161
\captionmargin=\dimen162
\caption@leftmargin=\dimen163
\caption@rightmargin=\dimen164
\caption@width=\dimen165
\caption@indent=\dimen166
\caption@parindent=\dimen167
\caption@hangindent=\dimen168
Package caption Info: Standard document class detected.
)
\c@caption@flags=\count278
\c@continuedfloat=\count279
Package caption Info: float package is loaded.
) (/usr/share/texlive/texmf-dist/tex/latex/graphics/color.sty
Package: color 2022/01/06 v1.3d Standard LaTeX Color (DPC)
 (/usr/share/texlive/texmf-dist/tex/latex/graphics-cfg/color.cfg
File: color.cfg 2016/01/02 v1.6 sample color configuration
)
Package color Info: Driver file: pdftex.def on input line 149.
 (/usr/share/texlive/texmf-dist/tex/latex/graphics/mathcolor.ltx)) (/usr/share/texlive/texmf-dist/tex/latex/titlesec/titlesec.sty
Package: titlesec 2023/10/27 v2.16 Sectioning titles
\ttl@box=\box55
\beforetitleunit=\skip67
\aftertitleunit=\skip68
\ttl@plus=\dimen169
\ttl@minus=\dimen170
\ttl@toksa=\toks34
\titlewidth=\dimen171
\titlewidthlast=\dimen172
\titlewidthfirst=\dimen173
) (/usr/share/texlive/texmf-dist/tex/latex/hyperref/hyperref.sty
Package: hyperref 2024-01-20 v7.01h Hypertext links for LaTeX
 (/usr/share/texlive/texmf-dist/tex/latex/kvsetkeys/kvsetkeys.sty
Package: kvsetkeys 2022-10-05 v1.19 Key value parser (HO)
) (/usr/share/texlive/texmf-dist/tex/generic/kvdefinekeys/kvdefinekeys.sty
Package: kvdefinekeys 2019-12-19 v1.6 Define keys (HO)
) (/usr/share/texlive/texmf-dist/tex/generic/pdfescape/pdfescape.sty
Package: pdfescape 2019/12/09 v1.15 Implements pdfTeX's escape features (HO)
 (/usr/share/texlive/texmf-dist/tex/generic/ltxcmds/ltxcmds.sty
Package: ltxcmds 2023-12-04 v1.26 LaTeX kernel commands for general use (HO)
) (/usr/share/texlive/texmf-dist/tex/generic/pdftexcmds/pdftexcmds.sty
Package: pdftexcmds 2020-06-27 v0.33 Utility functions of pdfTeX for LuaTeX (HO)
 (/usr/share/texlive/texmf-dist/tex/generic/infwarerr/infwarerr.sty
Package: infwarerr 2019/12/03 v1.5 Providing info/warning/error messages (HO)
)
Package pdftexcmds Info: \pdf@primitive is available.
Package pdftexcmds Info: \pdf@ifprimitive is available.
Package pdftexcmds Info: \pdfdraftmode found.
)) (/usr/share/texlive/texmf-dist/tex/latex/hycolor/hycolor.sty
Package: hycolor 2020-01-27 v1.10 Color options for hyperref/bookmark (HO)
) (/usr/share/texlive/texmf-dist/tex/latex/auxhook/auxhook.sty
Package: auxhook 2019-12-17 v1.6 Hooks for auxiliary files (HO)
) (/usr/share/texlive/texmf-dist/tex/latex/hyperref/nameref.sty
Package: nameref 2023-11-26 v2.56 Cross-referencing by name of section
 (/usr/share/texlive/texmf-dist/tex/latex/refcount/refcount.sty
Package: refcount 2019/12/15 v3.6 Data extraction from label references (HO)
) (/usr/share/texlive/texmf-dist/tex/generic/gettitlestring/gettitlestring.sty
Package: gettitlestring 2019/12/15 v1.6 Cleanup title references (HO)
 (/usr/share/texlive/texmf-dist/tex/latex/kvoptions/kvoptions.sty
Package: kvoptions 2022-06-15 v3.15 Key value format for package options (HO)
))
\c@section@level=\count280
) (/usr/share/texlive/texmf-dist/tex/latex/etoolbox/etoolbox.sty
Package: etoolbox 2020/10/05 v2.5k e-TeX tools for LaTeX (JAW)
\etb@tempcnta=\count281
)
\@linkdim=\dimen174
\Hy@linkcounter=\count282
\Hy@pagecounter=\count283
 (/usr/share/texlive/texmf-dist/tex/latex/hyperref/pd1enc.def
File: pd1enc.def 2024-01-20 v7.01h Hyperref: PDFDocEncoding definition (HO)
Now handling font encoding PD1 ...
... no UTF-8 mapping file for font encoding PD1
) (/usr/share/texlive/texmf-dist/tex/generic/intcalc/intcalc.sty
Package: intcalc 2019/12/15 v1.3 Expandable calculations with integers (HO)
)
\Hy@SavedSpaceFactor=\count284
 (/usr/share/texlive/texmf-dist/tex/latex/hyperref/puenc.def
File: puenc.def 2024-01-20 v7.01h Hyperref: PDF Unicode definition (HO)
Now handling font encoding PU ...
... no UTF-8 mapping file for font encoding PU
)
Package hyperref Info: Hyper figures OFF on input line 4179.
Package hyperref Info: Link nesting OFF on input line 4184.
Package hyperref Info: Hyper index ON on input line 4187.
Package hyperref Info: Plain pages OFF on input line 4194.
Package hyperref Info: Backreferencing OFF on input line 4199.
Package hyperref Info: Implicit mode ON; LaTeX internals redefined.
Package hyperref Info: Bookmarks ON on input line 4446.
\c@Hy@tempcnt=\count285
 (/usr/share/texlive/texmf-dist/tex/latex/url/url.sty
\Urlmuskip=\muskip17
Package: url 2013/09/16  ver 3.4  Verb mode for urls, etc.
)
LaTeX Info: Redefining \url on input line 4784.
\XeTeXLinkMargin=\dimen175
 (/usr/share/texlive/texmf-dist/tex/generic/bitset/bitset.sty
Package: bitset 2019/12/09 v1.3 Handle bit-vector datatype (HO)
 (/usr/share/texlive/texmf-dist/tex/generic/bigintcalc/bigintcalc.sty
Package: bigintcalc 2019/12/15 v1.5 Expandable calculations on big integers (HO)
))
\Fld@menulength=\count286
\Field@Width=\dimen176
\Fld@charsize=\dimen177
Package hyperref Info: Hyper figures OFF on input line 6063.
Package hyperref Info: Link nesting OFF on input line 6068.
Package hyperref Info: Hyper index ON on input line 6071.
Package hyperref Info: backreferencing OFF on input line 6078.
Package hyperref Info: Link coloring OFF on input line 6083.
Package hyperref Info: Link coloring with OCG OFF on input line 6088.
Package hyperref Info: PDF/A mode OFF on input line 6093.
 (/usr/share/texlive/texmf-dist/tex/latex/base/atbegshi-ltx.sty
Package: atbegshi-ltx 2021/01/10 v1.0c Emulation of the original atbegshi
package with kernel methods
)
\Hy@abspage=\count287
\c@Item=\count288
\c@Hfootnote=\count289
)
Package hyperref Info: Driver (autodetected): hpdftex.
 (/usr/share/texlive/texmf-dist/tex/latex/hyperref/hpdftex.def
File: hpdftex.def 2024-01-20 v7.01h Hyperref driver for pdfTeX
 (/usr/share/texlive/texmf-dist/tex/latex/base/atveryend-ltx.sty
Package: atveryend-ltx 2020/08/19 v1.0a Emulation of the original atveryend package
with kernel methods
)
\Fld@listcount=\count290
\c@bookmark@seq@number=\count291
 (/usr/share/texlive/texmf-dist/tex/latex/rerunfilecheck/rerunfilecheck.sty
Package: rerunfilecheck 2022-07-10 v1.10 Rerun checks for auxiliary files (HO)
 (/usr/share/texlive/texmf-dist/tex/generic/uniquecounter/uniquecounter.sty
Package: uniquecounter 2019/12/15 v1.4 Provide unlimited unique counter (HO)
)
Package uniquecounter Info: New unique counter `rerunfilecheck' on input line 285.
)
\Hy@SectionHShift=\skip69
) (/usr/share/texlive/texmf-dist/tex/latex/l3backend/l3backend-pdftex.def
File: l3backend-pdftex.def 2024-01-04 L3 backend support: PDF output (pdfTeX)
\l__color_backend_stack_int=\count292
\l__pdf_internal_box=\box56
) (./SE3A04_Group6.aux

LaTeX Warning: Label `12' multiply defined.


LaTeX Warning: Label `13' multiply defined.

)
\openout1 = `SE3A04_Group6.aux'.

LaTeX Font Info:    Checking defaults for OML/cmm/m/it on input line 54.
LaTeX Font Info:    ... okay on input line 54.
LaTeX Font Info:    Checking defaults for OMS/cmsy/m/n on input line 54.
LaTeX Font Info:    ... okay on input line 54.
LaTeX Font Info:    Checking defaults for OT1/cmr/m/n on input line 54.
LaTeX Font Info:    ... okay on input line 54.
LaTeX Font Info:    Checking defaults for T1/cmr/m/n on input line 54.
LaTeX Font Info:    ... okay on input line 54.
LaTeX Font Info:    Checking defaults for TS1/cmr/m/n on input line 54.
LaTeX Font Info:    ... okay on input line 54.
LaTeX Font Info:    Checking defaults for OMX/cmex/m/n on input line 54.
LaTeX Font Info:    ... okay on input line 54.
LaTeX Font Info:    Checking defaults for U/cmr/m/n on input line 54.
LaTeX Font Info:    ... okay on input line 54.
LaTeX Font Info:    Checking defaults for PD1/pdf/m/n on input line 54.
LaTeX Font Info:    ... okay on input line 54.
LaTeX Font Info:    Checking defaults for PU/pdf/m/n on input line 54.
LaTeX Font Info:    ... okay on input line 54.

*geometry* driver: auto-detecting
*geometry* detected driver: pdftex
*geometry* verbose mode - [ preamble ] result:
* driver: pdftex
* paper: <default>
* layout: <same size as paper>
* layoutoffset:(h,v)=(0.0pt,0.0pt)
* modes: 
* h-part:(L,W,R)=(72.26999pt, 469.75502pt, 72.26999pt)
* v-part:(T,H,B)=(72.26999pt, 650.43001pt, 72.26999pt)
* \paperwidth=614.295pt
* \paperheight=794.96999pt
* \textwidth=469.75502pt
* \textheight=650.43001pt
* \oddsidemargin=0.0pt
* \evensidemargin=0.0pt
* \topmargin=-37.0pt
* \headheight=12.0pt
* \headsep=25.0pt
* \topskip=10.0pt
* \footskip=30.0pt
* \marginparwidth=65.0pt
* \marginparsep=11.0pt
* \columnsep=10.0pt
* \skip\footins=9.0pt plus 4.0pt minus 2.0pt
* \hoffset=0.0pt
* \voffset=0.0pt
* \mag=1000
* \@twocolumnfalse
* \@twosidefalse
* \@mparswitchfalse
* \@reversemarginfalse
* (1in=72.27pt=25.4mm, 1cm=28.453pt)

(/usr/share/texlive/texmf-dist/tex/context/base/mkii/supp-pdf.mkii
[Loading MPS to PDF converter (version 2006.09.02).]
\scratchcounter=\count293
\scratchdimen=\dimen178
\scratchbox=\box57
\nofMPsegments=\count294
\nofMParguments=\count295
\everyMPshowfont=\toks35
\MPscratchCnt=\count296
\MPscratchDim=\dimen179
\MPnumerator=\count297
\makeMPintoPDFobject=\count298
\everyMPtoPDFconversion=\toks36
) (/usr/share/texlive/texmf-dist/tex/latex/epstopdf-pkg/epstopdf-base.sty
Package: epstopdf-base 2020-01-24 v2.11 Base part for package epstopdf
Package epstopdf-base Info: Redefining graphics rule for `.eps' on input line 485.
 (/usr/share/texlive/texmf-dist/tex/latex/latexconfig/epstopdf-sys.cfg
File: epstopdf-sys.cfg 2010/07/13 v1.3 Configuration of (r)epstopdf for TeX Live
))
Package caption Info: Begin \AtBeginDocument code.
Package caption Info: hyperref package is loaded.
Package caption Info: End \AtBeginDocument code.
Package hyperref Info: Link coloring OFF on input line 54.
 (./SE3A04_Group6.out) (./SE3A04_Group6.out)
\@outlinefile=\write3
\openout3 = `SE3A04_Group6.out'.

LaTeX Font Info:    Trying to load font information for U+msa on input line 57.
 (/usr/share/texlive/texmf-dist/tex/latex/amsfonts/umsa.fd
File: umsa.fd 2013/01/14 v3.01 AMS symbols A
)
LaTeX Font Info:    Trying to load font information for U+msb on input line 57.
 (/usr/share/texlive/texmf-dist/tex/latex/amsfonts/umsb.fd
File: umsb.fd 2013/01/14 v3.01 AMS symbols B
) [1

{/var/lib/texmf/fonts/map/pdftex/updmap/pdftex.map}] [2]
Underfull \hbox (badness 10000) in paragraph at lines 144--145
[]$\OT1/cmtt/m/n/10 https : / / www . pingdom . com / blog / page-[]load-[]time-[]vs-[]response-[]time-[]what-[]is-[]the-[]difference /
 []


Underfull \hbox (badness 10000) in paragraph at lines 144--145
\OT1/cmtt/m/n/10 # : [] : text = Good % 20API % 20Response % 20Time & text = However % 2C % 20faster % 20response % 20times % 2C %
 []


Underfull \hbox (badness 10000) in paragraph at lines 146--147
[]\OT1/cmr/m/n/10 New Relic, "Overview of app launch times," New Relic Doc-u-men-ta-tion. Avail-able:
 []


Underfull \hbox (badness 10000) in paragraph at lines 146--147
[]$\OT1/cmtt/m/n/10 https : / / docs . newrelic . com / docs / mobile-[]monitoring / new-[]relic-[]mobile / get-[]started /
 []


Underfull \hbox (badness 10000) in paragraph at lines 146--147
\OT1/cmtt/m/n/10 introduction-[]app-[]launch-[]times / # : [] : text = Mobile % 20app % 20launch % 20time % 20benchmarks ,[]
 []


Underfull \hbox (badness 10000) in paragraph at lines 148--149
[] \OT1/cmtt/m/n/10 : text = In % 20the % 20field % 20of % 20application ,[] significantly % 20depending % 20on % 20the %
 []


Underfull \hbox (badness 10000) in paragraph at lines 152--153
\OT1/cmtt/m/n/10 / / www . sciencedirect . com / topics / computer-[]science / classification-[]accuracy# : [] : text = Many %
 []


Underfull \hbox (badness 10000) in paragraph at lines 152--153
\OT1/cmtt/m/n/10 20classifiers % 20achieve % 20the % 20classification ,[] (its % 20elements % 20are % 20percentages)$[]\OT1/cmr/m/n/10 .
 []

[3]
Underfull \hbox (badness 1454) in paragraph at lines 168--169
[]\OT1/cmr/m/n/10 Government of Canada, "PIPEDA Fair In-for-ma-tion Prin-ci-ples - Iden-ti-fy-ing Pur-poses," 2023.
 []


Underfull \hbox (badness 10000) in paragraph at lines 168--169
\OT1/cmr/m/n/10 [On-line]. Avail-able: []$\OT1/cmtt/m/n/10 https : / / www . priv . gc . ca / en / privacy-[]topics / privacy-[]laws-[]in-[]canada /
 []


Underfull \hbox (badness 10000) in paragraph at lines 168--169
\OT1/cmtt/m/n/10 the-[]personal-[]information-[]protection-[]and-[]electronic-[]documents-[]act-[]pipeda/$[]\OT1/cmr/m/n/10 . [Ac-cessed:
 []


Underfull \hbox (badness 8000) in paragraph at lines 170--171
[]\OT1/cmr/m/n/10 Government of Canada, "PIPEDA Fair In-for-ma-tion Prin-ci-ples - Con-sent," 2023. [On-
 []


Underfull \hbox (badness 10000) in paragraph at lines 170--171
\OT1/cmr/m/n/10 line]. Avail-able: []$\OT1/cmtt/m/n/10 https : / / www . priv . gc . ca / en / privacy-[]topics / privacy-[]laws-[]in-[]canada /
 []


Underfull \hbox (badness 10000) in paragraph at lines 170--171
\OT1/cmtt/m/n/10 the-[]personal-[]information-[]protection-[]and-[]electronic-[]documents-[]act-[]pipeda/$[]\OT1/cmr/m/n/10 . [Ac-cessed:
 []


Underfull \hbox (badness 2096) in paragraph at lines 172--173
[]\OT1/cmr/m/n/10 Government of Canada, "PIPEDA Fair In-for-ma-tion Prin-ci-ples - Lim-it-ing Col-lec-tion," 2023.
 []


Underfull \hbox (badness 10000) in paragraph at lines 172--173
\OT1/cmr/m/n/10 [On-line]. Avail-able: []$\OT1/cmtt/m/n/10 https : / / www . priv . gc . ca / en / privacy-[]topics / privacy-[]laws-[]in-[]canada /
 []


Underfull \hbox (badness 10000) in paragraph at lines 172--173
\OT1/cmtt/m/n/10 the-[]personal-[]information-[]protection-[]and-[]electronic-[]documents-[]act-[]pipeda/$[]\OT1/cmr/m/n/10 . [Ac-cessed:
 []


Underfull \hbox (badness 10000) in paragraph at lines 174--175
[]\OT1/cmr/m/n/10 Government of Canada, "PIPEDA Fair In-for-ma-tion Prin-ci-ples -
 []


Underfull \hbox (badness 10000) in paragraph at lines 174--175
\OT1/cmr/m/n/10 Lim-it-ing Use, Dis-clo-sure, and Re-ten-tion," 2023. [On-line]. Avail-
 []


Underfull \hbox (badness 10000) in paragraph at lines 174--175
\OT1/cmr/m/n/10 able: []$\OT1/cmtt/m/n/10 https : / / www . priv . gc . ca / en / privacy-[]topics / privacy-[]laws-[]in-[]canada /
 []


Underfull \hbox (badness 10000) in paragraph at lines 174--175
\OT1/cmtt/m/n/10 the-[]personal-[]information-[]protection-[]and-[]electronic-[]documents-[]act-[]pipeda/$[]\OT1/cmr/m/n/10 . [Ac-cessed:
 []

[4
pdfTeX warning (ext4): destination with the same identifier (name{cite.12}) has been already used, duplicate ignored
<argument> ...shipout:D \box_use:N \l_shipout_box 
                                                  \__shipout_drop_firstpage_...
l.203 
      
pdfTeX warning (ext4): destination with the same identifier (name{cite.13}) has been already used, duplicate ignored
<argument> ...shipout:D \box_use:N \l_shipout_box 
                                                  \__shipout_drop_firstpage_...
l.203 
      ]
<./images/figure1.png, id=320, 651.93562pt x 497.60907pt>
File: ./images/figure1.png Graphic file (type png)
<use ./images/figure1.png>
Package pdftex.def Info: ./images/figure1.png  used on input line 226.
(pdftex.def)             Requested size: 325.96701pt x 248.80392pt.
 [5 <./images/figure1.png>]
Overfull \hbox (9.48906pt too wide) in paragraph at lines 240--263
 [] 
 []

<./images/2.2StateDiagram.png, id=328, 809.0225pt x 707.64375pt>
File: ./images/2.2StateDiagram.png Graphic file (type png)
<use ./images/2.2StateDiagram.png>
Package pdftex.def Info: ./images/2.2StateDiagram.png  used on input line 266.
(pdftex.def)             Requested size: 485.41725pt x 424.58952pt.

Overfull \hbox (15.66223pt too wide) in paragraph at lines 266--267
 [][] 
 []

[6]
Overfull \hbox (0.6347pt too wide) in paragraph at lines 315--321
\OT1/cmr/m/n/10 Nature en-thu-si-asts cover a broad spec-trum of peo-ple from ca-sual na-tional park-goers to ex-pe-ri-enced portagers.
 []

[7 <./images/2.2StateDiagram.png>]
<./images/3Diagram.png, id=340, 571.13374pt x 845.1575pt>
File: ./images/3Diagram.png Graphic file (type png)
<use ./images/3Diagram.png>
Package pdftex.def Info: ./images/3Diagram.png  used on input line 372.
(pdftex.def)             Requested size: 469.75322pt x 563.71207pt.
 [8] [9 <./images/3Diagram.png>]
Underfull \hbox (badness 10000) in paragraph at lines 455--457

 []


Underfull \hbox (badness 10000) in paragraph at lines 458--460

 []


Underfull \hbox (badness 10000) in paragraph at lines 461--463

 []


Underfull \hbox (badness 10000) in paragraph at lines 464--466

 []


Underfull \hbox (badness 10000) in paragraph at lines 467--469

 []

[10]
Underfull \hbox (badness 10000) in paragraph at lines 511--513

 []


Underfull \hbox (badness 10000) in paragraph at lines 514--516

 []


Underfull \hbox (badness 10000) in paragraph at lines 517--519

 []


Underfull \hbox (badness 10000) in paragraph at lines 522--524

 []


Underfull \hbox (badness 10000) in paragraph at lines 525--527

 []

[11]
Underfull \hbox (badness 10000) in paragraph at lines 592--595

 []


Underfull \hbox (badness 10000) in paragraph at lines 600--603

 []


Underfull \hbox (badness 10000) in paragraph at lines 607--609

 []


Underfull \hbox (badness 10000) in paragraph at lines 610--613

 []

[12]
Underfull \hbox (badness 10000) in paragraph at lines 618--621

 []


Underfull \hbox (badness 10000) in paragraph at lines 653--654

 []

[13]
Underfull \hbox (badness 10000) in paragraph at lines 702--704

 []


Underfull \hbox (badness 10000) in paragraph at lines 709--711

 []


Underfull \hbox (badness 10000) in paragraph at lines 715--717

 []


Underfull \hbox (badness 10000) in paragraph at lines 718--720

 []


Underfull \hbox (badness 10000) in paragraph at lines 725--727

 []

[14]
Underfull \hbox (badness 10000) in paragraph at lines 763--764

 []


Underfull \hbox (badness 10000) in paragraph at lines 783--785

 []


Underfull \hbox (badness 10000) in paragraph at lines 788--790

 []


Underfull \hbox (badness 10000) in paragraph at lines 793--795

 []


Underfull \hbox (badness 10000) in paragraph at lines 800--802

 []

[15]
Underfull \hbox (badness 10000) in paragraph at lines 805--807

 []


Underfull \hbox (badness 10000) in paragraph at lines 835--836

 []


LaTeX Warning: The counter will not be printed.
             The label is: \bf VP2. on input line 862.


LaTeX Warning: The counter will not be printed.
             The label is: \bf VP3. on input line 867.


LaTeX Warning: The counter will not be printed.
             The label is: \bf VP4. on input line 872.

[16]

LaTeX Warning: The counter will not be printed.
             The label is: \bf VP5. on input line 877.


LaTeX Warning: The counter will not be printed.
             The label is: \bf VP6. on input line 882.


Underfull \hbox (badness 10000) in paragraph at lines 887--888

 []


Underfull \hbox (badness 10000) in paragraph at lines 889--890

 []


Underfull \hbox (badness 10000) in paragraph at lines 912--913

 []


LaTeX Warning: The counter will not be printed.
             The label is: \bf VP2. on input line 939.


LaTeX Warning: The counter will not be printed.
             The label is: \bf VP3. on input line 944.

[17]

LaTeX Warning: The counter will not be printed.
             The label is: \bf VP4. on input line 949.


LaTeX Warning: The counter will not be printed.
             The label is: \bf VP5. on input line 954.


LaTeX Warning: The counter will not be printed.
             The label is: \bf VP6. on input line 959.


Underfull \hbox (badness 10000) in paragraph at lines 964--965

 []


Underfull \hbox (badness 10000) in paragraph at lines 966--967

 []


Package hyperref Warning: Difference (2) between bookmark levels is greater 
(hyperref)                than one, level fixed on input line 1114.

[18] [19] [20] [21]
Overfull \hbox (0.46696pt too wide) in paragraph at lines 1330--1331
[]\OT1/cmr/m/n/10 Requirement: Multi-Factor Au-then-ti-ca-tion (MFA) should be re-quired for ad-min and high-privilege
 []

[22] [23]
Underfull \hbox (badness 10000) in paragraph at lines 1479--1481

 []

[24]
Underfull \hbox (badness 10000) in paragraph at lines 1497--1501

 []

<./images/Cass.jpg, id=533, 2072.74374pt x 1350.04375pt>
File: ./images/Cass.jpg Graphic file (type jpg)
<use ./images/Cass.jpg>
Package pdftex.def Info: ./images/Cass.jpg  used on input line 1508.
(pdftex.def)             Requested size: 140.92793pt x 91.77292pt.
<./images/Nehad.png, id=534, 330.63525pt x 529.37775pt>
File: ./images/Nehad.png Graphic file (type png)
<use ./images/Nehad.png>
Package pdftex.def Info: ./images/Nehad.png  used on input line 1522.
(pdftex.def)             Requested size: 281.85587pt x 451.28986pt.
[25 <./images/Cass.jpg>]
<./images/Savvy.png, id=540, 232.61906pt x 141.52875pt>
File: ./images/Savvy.png Graphic file (type png)
<use ./images/Savvy.png>
Package pdftex.def Info: ./images/Savvy.png  used on input line 1533.
(pdftex.def)             Requested size: 281.85587pt x 171.50298pt.
 [26 <./images/Nehad.png>]
<./images/Tvesha.png, id=546, 263.98625pt x 153.57375pt>
File: ./images/Tvesha.png Graphic file (type png)
<use ./images/Tvesha.png>
Package pdftex.def Info: ./images/Tvesha.png  used on input line 1548.
(pdftex.def)             Requested size: 281.85587pt x 163.9778pt.
<./images/Victor.png, id=547, 3972.61485pt x 1844.74763pt>
File: ./images/Victor.png Graphic file (type png)
<use ./images/Victor.png>
Package pdftex.def Info: ./images/Victor.png  used on input line 1559.
(pdftex.def)             Requested size: 140.92793pt x 65.41722pt.
 [27 <./images/Savvy.png> <./images/Tvesha.png>] [28 <./images/Victor.png (PNG copy)>] (./SE3A04_Group6.aux)
 ***********
LaTeX2e <2023-11-01> patch level 1
L3 programming layer <2024-01-22>
 ***********


LaTeX Warning: There were multiply-defined labels.

Package rerunfilecheck Info: File `SE3A04_Group6.out' has not changed.
(rerunfilecheck)             Checksum: 2B20EB0ED18ECC8223CD126ABE68BDB8;10300.
 ) 
Here is how much of TeX's memory you used:
 12569 strings out of 476106
 195777 string characters out of 5793933
 1941975 words of memory out of 5000000
 34196 multiletter control sequences out of 15000+600000
 566781 words of font info for 70 fonts, out of 8000000 for 9000
 59 hyphenation exceptions out of 8191
 75i,8n,79p,952b,740s stack positions out of 10000i,1000n,20000p,200000b,200000s
 </home/braunc8/.texlive2023/texmf-var/fonts/pk/ljfour/jknappen/ec/tcrm1000.600pk></usr/share/texlive/texmf-dist/fonts/type1/public/amsfonts/cm/cmbx10.pfb></usr/share/texlive/texmf-dist/fonts/type1/public/amsfonts/cm/cmbx12.pfb></usr/share/texlive/texmf-dist/fonts/type1/public/amsfonts/cm/cmr10.pfb></usr/share/texlive/texmf-dist/fonts/type1/public/amsfonts/cm/cmr12.pfb></usr/share/texlive/texmf-dist/fonts/type1/public/amsfonts/cm/cmr17.pfb></usr/share/texlive/texmf-dist/fonts/type1/public/amsfonts/cm/cmti10.pfb></usr/share/texlive/texmf-dist/fonts/type1/public/amsfonts/cm/cmtt10.pfb>
Output written on SE3A04_Group6.pdf (28 pages, 3614272 bytes).
PDF statistics:
 645 PDF objects out of 1000 (max. 8388607)
 580 compressed objects within 6 object streams
 233 named destinations out of 1000 (max. 500000)
 473 words of extra memory for PDF output out of 10000 (max. 10000000)

